2024-08-03 23:21:12,500 - INFO - Navigating to Kobo page for ISBN: 9780369700810
2024-08-03 23:21:12,572 - INFO - Navigating to Kobo page for ISBN: 9780369700025
2024-08-03 23:21:12,579 - INFO - Navigating to Kobo page for ISBN: 9780369700582
2024-08-03 23:21:12,592 - INFO - Navigating to Kobo page for ISBN: 9780369700759
2024-08-03 23:21:12,643 - INFO - Navigating to Kobo page for ISBN: 9780369700667
2024-08-03 23:21:12,658 - INFO - Navigating to Kobo page for ISBN: 9780369700605
2024-08-03 23:21:12,688 - INFO - Navigating to Kobo page for ISBN: 9780369700827
2024-08-03 23:21:12,714 - INFO - Navigating to Kobo page for ISBN: 9780369700513
2024-08-03 23:21:12,743 - INFO - Navigating to Kobo page for ISBN: 9780369700636
2024-08-03 23:21:12,756 - INFO - Navigating to Kobo page for ISBN: 9780369700056
2024-08-03 23:21:18,523 - INFO - Closed pop-up window.
2024-08-03 23:21:19,194 - INFO - Closed pop-up window.
2024-08-03 23:21:19,788 - INFO - Clicked on the search box.
2024-08-03 23:21:20,340 - INFO - Closed pop-up window.
2024-08-03 23:21:20,573 - INFO - Closed pop-up window.
2024-08-03 23:21:21,000 - INFO - Closed pop-up window.
2024-08-03 23:21:21,973 - INFO - Clicked on the search box.
2024-08-03 23:21:22,154 - INFO - Closed pop-up window.
2024-08-03 23:21:22,223 - INFO - Clicked on the search box.
2024-08-03 23:21:22,584 - INFO - Closed pop-up window.
2024-08-03 23:21:22,603 - INFO - Closed pop-up window.
2024-08-03 23:21:22,617 - INFO - Closed pop-up window.
2024-08-03 23:21:22,672 - INFO - Clicked on the search box.
2024-08-03 23:21:22,797 - INFO - Clicked on the search box.
2024-08-03 23:21:22,983 - INFO - Clicked on the search box.
2024-08-03 23:21:22,995 - INFO - Clicked on the search box.
2024-08-03 23:21:23,156 - INFO - Clicked on the search box.
2024-08-03 23:21:23,900 - INFO - Clicked on the search box.
2024-08-03 23:21:24,709 - INFO - Closed pop-up window.
2024-08-03 23:21:25,377 - INFO - Clicked on the search box.
2024-08-03 23:21:26,117 - INFO - Submitted search for ISBN: 9780369700582
2024-08-03 23:21:27,130 - INFO - Submitted search for ISBN: 9780369700025
2024-08-03 23:21:27,402 - INFO - Submitted search for ISBN: 9780369700759
2024-08-03 23:21:27,838 - INFO - Submitted search for ISBN: 9780369700056
2024-08-03 23:21:28,655 - INFO - Submitted search for ISBN: 9780369700810
2024-08-03 23:21:28,854 - INFO - Submitted search for ISBN: 9780369700636
2024-08-03 23:21:29,238 - INFO - Submitted search for ISBN: 9780369700605
2024-08-03 23:21:29,751 - INFO - Submitted search for ISBN: 9780369700667
2024-08-03 23:21:29,860 - INFO - Submitted search for ISBN: 9780369700827
2024-08-03 23:21:31,646 - INFO - Submitted search for ISBN: 9780369700513
2024-08-03 23:22:08,987 - INFO - Processing book: At Home in Stone Creek & Rancher's Wild Secret
2024-08-03 23:22:11,173 - INFO - Processing book: A New Hope
2024-08-03 23:22:13,477 - INFO - Processing book: Holiday Mountain Rescue
2024-08-03 23:22:15,588 - INFO - Processing book: Wild Trail
2024-08-03 23:22:16,761 - INFO - Processing book: The Mess You Choose
2024-08-03 23:22:18,297 - INFO - Processing book: Christmas Mountain Protector
2024-08-03 23:22:19,358 - INFO - Processing book: Sawyer & Cowboy Above the Law
2024-08-03 23:22:20,546 - INFO - Processing book: Captive Star
2024-08-03 23:22:21,203 - INFO - Processing book: Home on Apple Blossom Road
2024-08-03 23:22:22,033 - INFO - Processing book: 204 Rosewood Lane
