2024-08-03 00:53:08,908 - INFO - Processing book: Christmas Mountain Protector
2024-08-03 00:53:11,917 - INFO - Processing book: Captive Star
2024-08-03 00:53:13,510 - INFO - Processing book: Home on Apple Blossom Road
2024-08-03 00:53:15,712 - INFO - Processing book: Four Brides
2024-08-03 00:53:18,176 - INFO - Processing book: 204 Rosewood Lane
2024-08-03 00:53:19,950 - INFO - Processing book: At Home in Stone Creek & Rancher's Wild Secret
2024-08-03 00:53:21,107 - INFO - Processing book: Holiday Mountain Rescue
2024-08-03 00:53:22,040 - INFO - Processing book: Wild Trail
2024-08-03 00:53:23,087 - INFO - Processing book: Sawyer & Cowboy Above the Law
2024-08-03 00:53:24,065 - INFO - Processing book: A New Hope
2024-08-03 00:54:12,912 - INFO - Processing book: Hidden Star
2024-08-03 00:54:17,725 - INFO - Processing book: When Lightning Strikes
2024-08-03 00:54:20,121 - INFO - Processing book: A Country Christmas
2024-08-03 00:54:21,788 - INFO - Processing book: Night Study
2024-08-03 00:54:23,309 - INFO - Processing book: Fever Pitch & Her Homecoming Wish
2024-08-03 00:54:24,251 - INFO - Processing book: Starting Over on Blackberry Lane
2024-08-03 00:54:25,059 - INFO - Processing book: Forgiven
2024-08-03 00:54:26,202 - INFO - Processing book: Her Holiday Mountain Mission
2024-08-03 00:54:27,818 - INFO - Processing book: Game Changers Collection
2024-08-03 00:54:28,858 - INFO - Processing book: The House Guests
2024-08-03 00:55:12,398 - INFO - Processing book: Sacred Evil
2024-08-03 00:55:21,364 - INFO - Processing book: Summer at Willow Lake
2024-08-03 00:55:24,916 - INFO - Processing book: A Wild River Retreat
2024-08-03 00:55:28,987 - INFO - Processing book: The Girl from the Channel Islands
2024-08-03 00:55:30,601 - INFO - Processing book: Montana Secrets
2024-08-03 00:55:32,292 - INFO - Processing book: Hideaway
2024-08-03 00:55:33,295 - INFO - Processing book: A Wish for Home
2024-08-03 00:55:34,333 - INFO - Processing book: Fighting Dirty
2024-08-03 00:55:35,760 - INFO - Processing book: Secret Star
2024-08-03 00:55:36,841 - INFO - Processing book: Search and Recover
2024-08-03 00:56:27,320 - INFO - Processing book: A Love Like This
2024-08-03 00:56:32,433 - INFO - Processing book: Yuletide Mountain Pursuit
2024-08-03 00:56:36,271 - INFO - Processing book: The Secret Keeper of Jaipur
2024-08-03 00:56:37,726 - INFO - Processing book: Amish Beginnings
2024-08-03 00:56:38,871 - INFO - Processing book: An Alaskan Wedding
2024-08-03 00:56:39,878 - INFO - Processing book: The Vicar and the Rake
2024-08-03 00:56:40,976 - INFO - Processing book: Crooked Shadows
2024-08-03 00:56:41,825 - INFO - Processing book: Unforgotten
2024-08-03 00:56:43,330 - INFO - Processing book: A Good Old-Fashioned Cowboy
2024-08-03 00:56:44,298 - INFO - Processing book: 16 Lighthouse Road
2024-08-03 00:57:36,974 - INFO - Processing book: Unfinished Business
2024-08-03 00:57:46,449 - INFO - Processing book: Montana Mountain Deadlock
2024-08-03 00:57:51,225 - INFO - Processing book: When I Found You
2024-08-03 00:57:52,831 - INFO - Processing book: The German Wife
2024-08-03 00:57:53,902 - INFO - Processing book: Their Frontier Family & The Baby Bequest
2024-08-03 00:57:54,840 - INFO - Processing book: Protective Instinct
2024-08-03 00:57:55,531 - INFO - Processing book: Dangerous Justice
2024-08-03 00:57:56,938 - INFO - Processing book: His Second-Chance Family & Katie's Redemption
2024-08-03 00:57:57,940 - INFO - Processing book: Country Christmas Magic
2024-08-03 00:57:58,876 - INFO - Processing book: Blackberry Summer
2024-08-03 00:59:02,052 - INFO - Processing book: Christmas at Colts Creek
2024-08-03 00:59:05,740 - INFO - Processing book: Act Like It
2024-08-03 00:59:07,350 - INFO - Processing book: Tang Dynasty Boxset
2024-08-03 00:59:08,791 - INFO - Processing book: Heart of Evil
2024-08-03 00:59:09,895 - INFO - Processing book: Dark Road to Darjeeling
2024-08-03 00:59:11,007 - INFO - Processing book: A Dog Named Nate
2024-08-03 00:59:12,037 - INFO - Processing book: A Wild River Match
2024-08-03 00:59:12,992 - INFO - Processing book: Big Bad Wolf Collection
2024-08-03 00:59:13,907 - INFO - Processing book: The Witch King
2024-08-03 00:59:15,221 - INFO - Processing book: The Winter Lodge
2024-08-03 01:00:03,154 - INFO - Processing book: The Possibility of Life
2024-08-03 01:00:07,499 - INFO - Processing book: Breaking Time
2024-08-03 01:00:10,311 - INFO - Processing book: One Wish
2024-08-03 01:00:12,667 - INFO - Processing book: The Jade Temptress
2024-08-03 01:00:14,814 - INFO - Processing book: Friends First
2024-08-03 01:00:16,951 - INFO - Processing book: Primal Instinct
2024-08-03 01:00:18,489 - INFO - Processing book: Shadow of Doubt
2024-08-03 01:00:20,422 - INFO - Processing book: Free Fall
2024-08-03 01:00:21,636 - INFO - Processing book: Big Sky Country
2024-08-03 01:00:22,559 - INFO - Processing book: A Mysterious Season
2024-08-03 01:01:08,172 - INFO - Processing book: Lush Money
2024-08-03 01:01:10,571 - INFO - Processing book: Mountain Rescue
2024-08-03 01:01:14,338 - INFO - Processing book: A Christmas Change of Heart
2024-08-03 01:01:17,874 - INFO - Processing book: All Fired Up
2024-08-03 01:01:19,525 - INFO - Processing book: Big Sky Mountain
2024-08-03 01:01:20,967 - INFO - Processing book: Talk Bookish to Me
2024-08-03 01:01:22,489 - INFO - Processing book: Fire Study
2024-08-03 01:01:23,818 - INFO - Processing book: The Last Bookshop in London
2024-08-03 01:01:25,071 - INFO - Processing book: Deadly Mountain Pursuit
2024-08-03 01:01:26,384 - INFO - Processing book: The Reasons for Marriage
2024-08-03 01:02:17,005 - INFO - Processing book: Her Secret Seduction
2024-08-03 01:02:19,737 - INFO - Processing book: Sunset on Moonlight Beach
2024-08-03 01:02:21,983 - INFO - Processing book: When Snow Falls
2024-08-03 01:02:25,919 - INFO - Processing book: Nowhere to Hide
2024-08-03 01:02:27,085 - INFO - Processing book: Dockside
2024-08-03 01:02:28,367 - INFO - Processing book: Here to Stay
2024-08-03 01:02:29,578 - INFO - Processing book: A Season of Love & Somebody's Santa
2024-08-03 01:02:30,720 - INFO - Processing book: The Amish Marriage Bargain and Finding Her Amish Love
2024-08-03 01:02:31,933 - INFO - Processing book: Only Mine
2024-08-03 01:02:33,163 - INFO - Processing book: The Lotus Palace
2024-08-03 01:03:21,090 - INFO - Processing book: Not Dead Yet Collection
2024-08-03 01:03:23,807 - INFO - Processing book: Informed Risk
2024-08-03 01:03:25,981 - INFO - Processing book: Here for the Drama
2024-08-03 01:03:28,807 - INFO - Processing book: Finding Her Hero
2024-08-03 01:03:29,716 - INFO - Processing book: A Texas Christmas Wish & The Doctor's Christmas Wish
2024-08-03 01:03:30,736 - INFO - Processing book: D (A Tale of Two Worlds)
2024-08-03 01:03:31,947 - INFO - Processing book: The Stepsisters
2024-08-03 01:03:32,658 - INFO - Processing book: Saint's Gate
2024-08-03 01:03:33,766 - INFO - Processing book: Harbor Lights
2024-08-03 01:03:34,607 - INFO - Processing book: Unfinished Business
2024-08-03 01:04:18,278 - INFO - Processing book: Behaving Like Adults
2024-08-03 01:04:20,608 - INFO - Processing book: Small Town, Big Reads
2024-08-03 01:04:22,148 - INFO - Processing book: The Broken Tower
2024-08-03 01:04:24,512 - INFO - Processing book: Lone Star Promises
2024-08-03 01:04:26,275 - INFO - Processing book: Operation K-9 Brothers
2024-08-03 01:04:27,348 - INFO - Processing book: Yuletide Baby and A Husband for Christmas
2024-08-03 01:04:28,287 - INFO - Processing book: Cold Hearts
2024-08-03 01:04:28,994 - INFO - Processing book: The Audrey Hepburn Estate
2024-08-03 01:04:29,537 - INFO - Processing book: American Fairytale
2024-08-03 01:04:30,337 - INFO - Processing book: The Amish Widower's Twins and The Amish Bachelor's Choice
2024-08-03 01:05:14,381 - INFO - Processing book: Masquerade
2024-08-03 01:05:17,304 - INFO - Processing book: The Funny Thing About Norman Foreman
2024-08-03 01:05:18,594 - INFO - Processing book: Our Little Secret
2024-08-03 01:05:20,173 - INFO - Processing book: Devoured
2024-08-03 01:05:21,248 - INFO - Processing book: The Secret Ingredient
2024-08-03 01:05:22,012 - INFO - Processing book: The Liz Taylor Ring
2024-08-03 01:05:23,168 - INFO - Processing book: Covert
2024-08-03 01:05:23,846 - INFO - Processing book: Finding Perfect
2024-08-03 01:05:24,440 - INFO - Processing book: 44 Cranberry Point
2024-08-03 01:05:25,435 - INFO - Processing book: Smile and Look Pretty
2024-08-03 01:06:07,014 - INFO - Processing book: Mountain Guardians: A K9 Collection
2024-08-03 01:06:09,728 - INFO - Processing book: The Christmas Child and Gift-Wrapped Family
2024-08-03 01:06:11,954 - INFO - Processing book: Shadow Study
2024-08-03 01:06:16,295 - INFO - Processing book: Wildest Dreams
2024-08-03 01:06:17,633 - INFO - Processing book: Harlequin Dare May 2021 Box Set
2024-08-03 01:06:18,855 - INFO - Processing book: The Player
2024-08-03 01:06:20,007 - INFO - Processing book: Rising Danger
2024-08-03 01:06:20,845 - INFO - Processing book: Harlequin Dare March 2021 Box Set
2024-08-03 01:06:21,446 - INFO - Processing book: Wolf Creek Father & Wooing the Schoolmarm
2024-08-03 01:06:22,782 - INFO - Processing book: The Gathering Table
2024-08-03 01:07:12,406 - INFO - Processing book: Imitate the Dawn
2024-08-03 01:07:17,154 - INFO - Processing book: Fast Lane
2024-08-03 01:07:20,633 - INFO - Processing book: Three Christmas Wishes
2024-08-03 01:07:22,114 - INFO - Processing book: Last Resort: Tactical Crime Division Collection
2024-08-03 01:07:23,255 - INFO - Processing book: The Cowboy Tutor & The Cowboy Comes Home
2024-08-03 01:07:24,056 - INFO - Processing book: With Christmas in His Heart & The Forest Ranger's Christmas
2024-08-03 01:07:24,837 - INFO - Processing book: The Winter Garden
2024-08-03 01:07:25,714 - INFO - Processing book: His Most Suitable Bride and The Marshal Meets His Match
2024-08-03 01:07:26,499 - INFO - Processing book: Hold Me, Cowboy & Black Tie Billionaire
2024-08-03 01:07:27,429 - INFO - Processing book: Whatever Happens in Texas
2024-08-03 01:08:13,033 - INFO - Processing book: Have Me
2024-08-03 01:08:16,043 - INFO - Processing book: Hold Me
2024-08-03 01:08:17,817 - INFO - Processing book: Summer at Stallion Ridge
2024-08-03 01:08:19,539 - INFO - Processing book: Bring the Heat
2024-08-03 01:08:20,774 - INFO - Processing book: The Sign of the Raven
2024-08-03 01:08:21,946 - INFO - Processing book: An Unlikely Amish Match and An Amish Arrangement
2024-08-03 01:08:22,910 - INFO - Processing book: Dating the Rebel
2024-08-03 01:08:23,709 - INFO - Processing book: Lifeline
2024-08-03 01:08:24,445 - INFO - Processing book: The Keeper of Night
2024-08-03 01:08:25,769 - INFO - Processing book: Teddy Spenser Isn't Looking for Love
2024-08-03 01:09:05,720 - INFO - Processing book: Summer at the Cape
2024-08-03 01:09:09,603 - INFO - Processing book: The Lipstick Bureau
2024-08-03 01:09:13,079 - INFO - Processing book: The Bookseller's Secret
2024-08-03 01:09:15,627 - INFO - Processing book: The Last Daughter of York
2024-08-03 01:09:18,002 - INFO - Processing book: Keeping Guard
2024-08-03 01:09:19,102 - INFO - Processing book: Foolish Hearts
2024-08-03 01:09:20,503 - INFO - Processing book: Dangerous Amish Inheritance and Hidden in Amish Country
2024-08-03 01:09:21,577 - INFO - Processing book: Out of the Darkness & Marching Orders
2024-08-03 01:09:22,736 - INFO - Processing book: Dancing in the Moonlight & Always the Best Man
2024-08-03 01:09:23,946 - INFO - Processing book: Just One More Night
2024-08-03 01:10:06,039 - INFO - Processing book: Enemies with Benefits
2024-08-03 01:10:11,081 - INFO - Processing book: Forged of Steele Collection
2024-08-03 01:10:12,876 - INFO - Processing book: The Weekend Retreat
2024-08-03 01:10:17,079 - INFO - Processing book: Harlequin Dare April 2021 Box Set
2024-08-03 01:10:19,262 - INFO - Processing book: A Carolina Christmas
2024-08-03 01:10:20,326 - INFO - Processing book: Humanity Is Trying
2024-08-03 01:10:21,107 - INFO - Processing book: Wild About Harry & Stone Cold Surrender
2024-08-03 01:10:22,149 - INFO - Processing book: The Unintended Groom & The Bride Wore Spurs
2024-08-03 01:10:22,994 - INFO - Processing book: Springtime in Carolina
2024-08-03 01:10:24,029 - INFO - Processing book: Up in Smoke
2024-08-03 01:11:17,448 - INFO - Processing book: It Takes a Thief
2024-08-03 01:11:20,616 - INFO - Processing book: Give Me More
2024-08-03 01:11:23,193 - INFO - Processing book: A Little Christmas Spirit
2024-08-03 01:11:25,049 - INFO - Processing book: The Right Side of Reckless
2024-08-03 01:11:25,971 - INFO - Processing book: With the Lights On
2024-08-03 01:11:27,197 - INFO - Processing book: Love & Plain Admirer
2024-08-03 01:11:28,242 - INFO - Processing book: To Protect His Own
2024-08-03 01:11:29,329 - INFO - Processing book: Harlequin Dare June 2021 Box Set
2024-08-03 01:11:30,700 - INFO - Processing book: Love Blooms
2024-08-03 01:11:32,107 - INFO - Processing book: Holidays in Blue
2024-08-03 01:12:11,467 - INFO - Processing book: Groom Wanted & A Texas-Made Match
2024-08-03 01:12:14,282 - INFO - Processing book: Take Me, Cowboy & The Billionaire's Bargain
2024-08-03 01:12:16,297 - INFO - Processing book: Kneel
2024-08-03 01:12:19,264 - INFO - Processing book: For Keeps
2024-08-03 01:12:20,812 - INFO - Processing book: The Darkest Court Complete Collection
2024-08-03 01:12:22,212 - INFO - Processing book: Ruthless
2024-08-03 01:12:23,140 - INFO - Processing book: New Girl in Little Cove
2024-08-03 01:12:24,430 - INFO - Processing book: Simply Irresistible
2024-08-03 01:12:28,760 - INFO - Processing book: An Impossible Promise
2024-08-03 01:12:29,817 - INFO - Processing book: Bingeworthy Bundle
2024-08-03 01:13:12,381 - INFO - Processing book: Final Deposit
2024-08-03 01:13:14,883 - INFO - Processing book: Hero in Her Heart
2024-08-03 01:13:17,332 - INFO - Processing book: First Kiss at Christmas
2024-08-03 01:13:18,825 - INFO - Processing book: Thrilling Reads Bundle
2024-08-03 01:13:20,467 - INFO - Processing book: The Last Noel & Secret Surrogate
2024-08-03 01:13:21,789 - INFO - Processing book: Best-Kept Secrets & Second Chance Cowboy
2024-08-03 01:13:22,851 - INFO - Processing book: The Demon Tide
2024-08-03 01:13:23,681 - INFO - Processing book: Sailor Proof
2024-08-03 01:13:24,769 - INFO - Processing book: Wildflower Season
2024-08-03 01:13:25,708 - INFO - Processing book: The Unknown
2024-08-03 01:14:08,211 - INFO - Processing book: Proper Scoundrels
2024-08-03 01:14:10,833 - INFO - Processing book: Finding Her Way and The Bull Rider's Secret
2024-08-03 01:14:14,334 - INFO - Processing book: You Can Go Your Own Way
2024-08-03 01:14:16,541 - INFO - Processing book: The Love Cure
2024-08-03 01:14:18,495 - INFO - Processing book: Slow Dance at Rose Bend
2024-08-03 01:14:19,553 - INFO - Processing book: The Wildest Ride
2024-08-03 01:14:20,515 - INFO - Processing book: Widow's Secrets
2024-08-03 01:14:21,288 - INFO - Processing book: The Summer Getaway
2024-08-03 01:14:22,525 - INFO - Processing book: Secrets She Kept
2024-08-03 01:14:23,832 - INFO - Processing book: Home to the Harbor
2024-08-03 01:15:08,376 - INFO - Processing book: Best Laid Plans
2024-08-03 01:15:10,305 - INFO - Processing book: Amish Country Kidnapping and Amish Country Undercover
2024-08-03 01:15:13,889 - INFO - Processing book: Gabe and Taking the Boss to Bed
2024-08-03 01:15:15,467 - INFO - Processing book: Claiming Her Ground
2024-08-03 01:15:16,518 - INFO - Processing book: Her Hot Pursuit
2024-08-03 01:15:17,607 - INFO - Processing book: Home for a Hero
2024-08-03 01:15:18,598 - INFO - Processing book: Too Close to Home
2024-08-03 01:15:19,532 - INFO - Processing book: Protecting Her Daughter and Under the Lawman's Protection
2024-08-03 01:15:20,394 - INFO - Processing book: Deadly Mountain Trap
2024-08-03 01:15:21,512 - INFO - Processing book: Before Summer Ends & A Little Bit Pregnant
2024-08-03 01:16:03,700 - INFO - Processing book: Going Public
2024-08-03 01:16:10,678 - INFO - Processing book: Sweet Surrender
2024-08-03 01:16:14,151 - INFO - Processing book: Between Two Thieves
2024-08-03 01:16:15,273 - INFO - Processing book: A Ranch Called Home
2024-08-03 01:16:16,508 - INFO - Processing book: The Return of Rafe MacKade
2024-08-03 01:16:17,702 - INFO - Processing book: His Double Baby Bonus
2024-08-03 01:16:19,266 - INFO - Processing book: Hard Sell
2024-08-03 01:16:20,538 - INFO - Processing book: Christmas Cover-Up and Her Mistletoe Protector
2024-08-03 01:16:21,649 - INFO - Processing book: Not at Eight, Darling & The Soldier and the Single Mom
2024-08-03 01:16:22,252 - INFO - Processing book: A Carolina Promise
2024-08-03 01:17:08,869 - INFO - Processing book: Forever in Honeymoon Harbor
2024-08-03 01:17:10,758 - INFO - Processing book: Knit, Purl, a Baby and a Girl
2024-08-03 01:17:12,769 - INFO - Processing book: A Thunder Canyon Christmas
2024-08-03 01:17:14,426 - INFO - Processing book: A Country Affair
2024-08-03 01:17:15,927 - INFO - Processing book: Trashlands
2024-08-03 01:17:17,194 - INFO - Processing book: Big Sky Wedding
2024-08-03 01:17:18,490 - INFO - Processing book: Keep Me Warm at Christmas
2024-08-03 01:17:19,399 - INFO - Processing book: The Amish Innkeeper's Secret
2024-08-03 01:17:20,274 - INFO - Processing book: Corralled and Stockyard Snatching
2024-08-03 01:17:21,253 - INFO - Processing book: The Perfect Christmas
2024-08-03 01:18:03,663 - INFO - Processing book: Passion Flower
2024-08-03 01:18:08,145 - INFO - Processing book: Seek the Truth
2024-08-03 01:18:10,600 - INFO - Processing book: Mistletoe Season
2024-08-03 01:18:12,544 - INFO - Processing book: Trapped at the Summit
2024-08-03 01:18:14,056 - INFO - Processing book: Second Chance on the Chesapeake
2024-08-03 01:18:15,607 - INFO - Processing book: Stampeded and Stone Cold Christmas Ranger
2024-08-03 01:18:16,877 - INFO - Processing book: The Bull Rider's Unexpected Family
2024-08-03 01:18:17,913 - INFO - Processing book: Where I Left Her
2024-08-03 01:18:19,530 - INFO - Processing book: The Marshal's Unexpected Bride
2024-08-03 01:18:20,536 - INFO - Processing book: Hidden on the Mountain
2024-08-03 01:19:06,480 - INFO - Processing book: Pug Actually
2024-08-03 01:19:08,620 - INFO - Processing book: Sisters of the Great War
2024-08-03 01:19:10,967 - INFO - Processing book: The Bravest Voices
2024-08-03 01:19:11,983 - INFO - Processing book: When We Were Friends
2024-08-03 01:19:12,908 - INFO - Processing book: Winning Over the Wrangler & Falling for the Rancher Father
2024-08-03 01:19:14,007 - INFO - Processing book: A Dog Named Boo
2024-08-03 01:19:14,780 - INFO - Processing book: Wrangled and Delivering Justice
2024-08-03 01:19:16,032 - INFO - Processing book: Chasing Danger
2024-08-03 01:19:16,998 - INFO - Processing book: Harbor Island
2024-08-03 01:19:17,917 - INFO - Processing book: Big Sky Secrets
2024-08-03 01:20:01,749 - INFO - Processing book: What Happens in Suburbia…
2024-08-03 01:20:05,426 - INFO - Processing book: No Reason to Trust
2024-08-03 01:20:07,441 - INFO - Processing book: The Pride of Jared MacKade
2024-08-03 01:20:09,558 - INFO - Processing book: Dancing in the Moonlight
2024-08-03 01:20:12,234 - INFO - Processing book: Suddenly a Father
2024-08-03 01:20:13,377 - INFO - Processing book: Grave Secrets
2024-08-03 01:20:14,242 - INFO - Processing book: Target on the Mountain
2024-08-03 01:20:15,367 - INFO - Processing book: Home Sweet Christmas
2024-08-03 01:20:17,233 - INFO - Processing book: Wild Wicked Scot
2024-08-03 01:20:18,165 - INFO - Processing book: A Father's Redemption
2024-08-03 01:20:56,015 - INFO - Processing book: Big Sky River
2024-08-03 01:20:59,451 - INFO - Processing book: Frontier Secrets
2024-08-03 01:21:04,626 - INFO - Processing book: Breaking His Rules
2024-08-03 01:21:06,727 - INFO - Processing book: Her Cowboy's Twin Blessings and The Cowboy's Twin Surprise
2024-08-03 01:21:08,253 - INFO - Processing book: Peril at the Peak
2024-08-03 01:21:09,916 - INFO - Processing book: Alaskan Mountain Pursuit
2024-08-03 01:21:10,885 - INFO - Processing book: A Woman Like Annie
2024-08-03 01:21:11,633 - INFO - Processing book: Christmas Homecoming Secrets
2024-08-03 01:21:13,046 - INFO - Processing book: Keeper's Reach
2024-08-03 01:21:14,218 - INFO - Processing book: Honor's Promise and Dade
2024-08-03 01:21:54,814 - INFO - Processing book: Hard-Hearted Highlander
2024-08-03 01:21:59,183 - INFO - Processing book: One More Night
2024-08-03 01:22:03,129 - INFO - Processing book: Saddle Up
2024-08-03 01:22:05,182 - INFO - Processing book: King's Ransom
2024-08-03 01:22:06,689 - INFO - Processing book: Wagon Train Wedding
2024-08-03 01:22:08,643 - INFO - Processing book: The Last Straw
2024-08-03 01:22:09,667 - INFO - Processing book: When Sparks Fly
2024-08-03 01:22:11,063 - INFO - Processing book: Second Chance
2024-08-03 01:22:11,848 - INFO - Processing book: Follow Her Heart
2024-08-03 01:22:12,877 - INFO - Processing book: The Rough Rider
2024-08-03 01:22:56,559 - INFO - Processing book: Saving Max
2024-08-03 01:22:59,913 - INFO - Processing book: Happily Ever After All
2024-08-03 01:23:01,216 - INFO - Processing book: Justice Overdue
2024-08-03 01:23:02,440 - INFO - Processing book: Radar Girls
2024-08-03 01:23:03,728 - INFO - Processing book: King's Ransom and Nate
2024-08-03 01:23:04,987 - INFO - Processing book: The Rancher's Legacy and The Texan's Secret Daughter
2024-08-03 01:23:06,728 - INFO - Processing book: High-Stakes Holiday Reunion
2024-08-03 01:23:07,662 - INFO - Processing book: Danger Next Door
2024-08-03 01:23:08,818 - INFO - Processing book: The Widows of Champagne
2024-08-03 01:23:09,896 - INFO - Processing book: Big Sky Summer
2024-08-03 01:23:53,001 - INFO - Processing book: My Darling Husband
2024-08-03 01:23:56,308 - INFO - Processing book: Dirty Plays
2024-08-03 01:23:57,948 - INFO - Processing book: Jordan and His Secretary's Surprise Fiancé
2024-08-03 01:23:59,464 - INFO - Processing book: The Kindred
2024-08-03 01:24:00,598 - INFO - Processing book: Riley and Lone Star Lovers
2024-08-03 01:24:03,062 - INFO - Processing book: A Lady of Expectations
2024-08-03 01:24:04,249 - INFO - Processing book: Silver in the Mist
2024-08-03 01:24:05,199 - INFO - Processing book: The Accused
2024-08-03 01:24:07,214 - INFO - Processing book: Wildfire Threat
2024-08-03 01:24:08,639 - INFO - Processing book: Conceal
2024-08-03 01:24:52,090 - INFO - Processing book: The Betrayed
2024-08-03 01:24:57,295 - INFO - Processing book: Smoky Mountain Danger
2024-08-03 01:25:01,163 - INFO - Processing book: This Is Why We Lie
2024-08-03 01:25:02,179 - INFO - Processing book: You Truly Assumed
2024-08-03 01:25:03,771 - INFO - Processing book: Race Against Time
2024-08-03 01:25:04,763 - INFO - Processing book: Her Holiday Family and The Sheriff's Christmas Twins
2024-08-03 01:25:05,950 - INFO - Processing book: Night Heat
2024-08-03 01:25:06,615 - INFO - Processing book: Suspicious & A Hero of Her Own
2024-08-03 01:25:07,780 - INFO - Processing book: The McKettrick Way and A Baby and a Betrothal
2024-08-03 01:25:09,287 - INFO - Processing book: Stern and Playing with Desire
2024-08-03 01:25:54,531 - INFO - Processing book: The Truth According to Ginny Moon
2024-08-03 01:25:57,034 - INFO - Processing book: The Amish Nurse's Suitor and The Nanny's Amish Family
2024-08-03 01:25:58,417 - INFO - Processing book: The Forbidden
2024-08-03 01:26:01,507 - INFO - Processing book: Dangerous Mountain Mission
2024-08-03 01:26:03,671 - INFO - Processing book: Stranded in the Mountains
2024-08-03 01:26:05,242 - INFO - Processing book: True Blue K-9 Unit Collection Vol 1
2024-08-03 01:26:06,404 - INFO - Processing book: 92 Pacific Boulevard
2024-08-03 01:26:07,821 - INFO - Processing book: Virgin River Collection Volume 2
2024-08-03 01:26:08,543 - INFO - Processing book: An Island Princess Starts a Scandal
2024-08-03 01:26:09,247 - INFO - Processing book: The MacKade Brothers Collection
2024-08-03 01:26:53,108 - INFO - Processing book: All the Things We Need
2024-08-03 01:26:57,682 - INFO - Processing book: Surviving the Storm
2024-08-03 01:26:59,473 - INFO - Processing book: Did Someone Say Fiancée?
2024-08-03 01:27:01,497 - INFO - Processing book: Dark Hearts
2024-08-03 01:27:03,211 - INFO - Processing book: Thunder Point Collection Volume 3
2024-08-03 01:27:04,390 - INFO - Processing book: Goddess with a Blade Vol 1
2024-08-03 01:27:05,869 - INFO - Processing book: The Fall of Shane Mackade
2024-08-03 01:27:07,030 - INFO - Processing book: Snow Angel Cove
2024-08-03 01:27:07,891 - INFO - Processing book: Cold Case at Cardwell Ranch & Boots and Bullets
2024-08-03 01:27:08,653 - INFO - Processing book: April in Spain
2024-08-03 01:27:54,515 - INFO - Processing book: Only Yours
2024-08-03 01:28:00,790 - INFO - Processing book: The Rancher's Baby Surprise and The Cowboy's Unexpected Baby
2024-08-03 01:28:02,570 - INFO - Processing book: The Iron Sword
2024-08-03 01:28:04,705 - INFO - Processing book: 8 Sandpiper Way
2024-08-03 01:28:06,284 - INFO - Processing book: Merry Christmas Cowboy
2024-08-03 01:28:07,358 - INFO - Processing book: Come Midnight
2024-08-03 01:28:08,582 - INFO - Processing book: A Place to Belong
2024-08-03 01:28:09,530 - INFO - Processing book: Goddess with a Blade Vol 2
2024-08-03 01:28:10,688 - INFO - Processing book: The Viscount Who Vexed Me
2024-08-03 01:28:12,050 - INFO - Processing book: A Forgery of Roses
2024-08-03 01:28:52,271 - INFO - Processing book: Montana Mail-Order Bride
2024-08-03 01:29:00,204 - INFO - Processing book: Mountain Guardian
2024-08-03 01:29:04,906 - INFO - Processing book: This Cursed Crown
2024-08-03 01:29:06,833 - INFO - Processing book: Suspicious
2024-08-03 01:29:08,617 - INFO - Processing book: 1022 Evergreen Place
2024-08-03 01:29:10,472 - INFO - Processing book: A Cold Creek Secret and A Brevia Beginning
2024-08-03 01:29:12,802 - INFO - Processing book: Confessions of a One Night Stand
2024-08-03 01:29:14,366 - INFO - Processing book: Stolen Identity
2024-08-03 01:29:16,017 - INFO - Processing book: The Cowboy's Watch
2024-08-03 01:29:17,463 - INFO - Processing book: The Innocent Carrying His Legacy
2024-08-03 01:30:09,373 - INFO - Processing book: Harlequin Presents - August 2021 - Box Set 2 of 2
2024-08-03 01:30:13,038 - INFO - Processing book: The Secret Behind the Greek's Return
2024-08-03 01:30:15,818 - INFO - Processing book: Beauty in the Billionaire's Bed
2024-08-03 01:30:18,600 - INFO - Processing book: The Flaw in His Red-Hot Revenge
2024-08-03 01:30:20,779 - INFO - Processing book: A Brambleberry Summer
2024-08-03 01:30:22,172 - INFO - Processing book: Harlequin Presents November 2021 - Box Set 2 of 2
2024-08-03 01:30:23,227 - INFO - Processing book: My Forbidden Royal Fling
2024-08-03 01:30:24,398 - INFO - Processing book: The Holiday Heartbreaker
2024-08-03 01:30:25,420 - INFO - Processing book: A Promise of Forgiveness
2024-08-03 01:30:26,441 - INFO - Processing book: His Texas Christmas Gift
2024-08-03 01:31:18,379 - INFO - Processing book: The Rancher's Want Ad Mix-Up
2024-08-03 01:31:20,398 - INFO - Processing book: Off-Limits to the Crown Prince
2024-08-03 01:31:22,816 - INFO - Processing book: Long, Tall Texans: Donavan/Emmett
2024-08-03 01:31:25,493 - INFO - Processing book: One Little Spark
2024-08-03 01:31:28,180 - INFO - Processing book: Claiming Her Legacy
2024-08-03 01:31:29,099 - INFO - Processing book: The Lester Family Trilogy
2024-08-03 01:31:30,018 - INFO - Processing book: Taking on Twins
2024-08-03 01:31:31,077 - INFO - Processing book: The Lost and Found Girl
2024-08-03 01:31:32,290 - INFO - Processing book: An Honest Lie
2024-08-03 01:31:33,447 - INFO - Processing book: Colorado Christmas Magic
2024-08-03 01:32:19,332 - INFO - Processing book: Redeemed by His New York Cinderella
2024-08-03 01:32:22,715 - INFO - Processing book: An Unlikely Duchess
2024-08-03 01:32:27,926 - INFO - Processing book: The Amish Christmas Secret and The Amish Widow's Christmas Hope
2024-08-03 01:32:29,704 - INFO - Processing book: Cowboy Wild
2024-08-03 01:32:31,312 - INFO - Processing book: Married for One Reason Only
2024-08-03 01:32:32,325 - INFO - Processing book: Nanny Dearest
2024-08-03 01:32:33,727 - INFO - Processing book: Tempting the Rancher
2024-08-03 01:32:34,657 - INFO - Processing book: The Engagement Bargain and Cowboy Seeks a Bride
2024-08-03 01:32:35,843 - INFO - Processing book: A Summer Amish Courtship and Amish Reckoning
2024-08-03 01:32:36,576 - INFO - Processing book: Called into Action
2024-08-03 01:33:25,402 - INFO - Processing book: Forever Home
2024-08-03 01:33:29,997 - INFO - Processing book: The Major's Family Mission
2024-08-03 01:33:32,578 - INFO - Processing book: The Duke Not Taken
2024-08-03 01:33:37,311 - INFO - Processing book: A Consequence Made in Greece
2024-08-03 01:33:39,220 - INFO - Processing book: The Texan's Inherited Family and A Home for His Family
2024-08-03 01:33:40,480 - INFO - Processing book: Beyond Temptation
2024-08-03 01:33:41,429 - INFO - Processing book: Big Sky Cowboy and Big Sky Daddy
2024-08-03 01:33:42,405 - INFO - Processing book: Claiming His Cinderella Secretary
2024-08-03 01:33:43,723 - INFO - Processing book: Pets of Park Avenue
2024-08-03 01:33:44,657 - INFO - Processing book: Night Moves
2024-08-03 01:34:26,405 - INFO - Processing book: Familiar Stranger & Collecting Evidence
2024-08-03 01:34:30,552 - INFO - Processing book: The Sicilian's Forgotten Wife
2024-08-03 01:34:34,576 - INFO - Processing book: The Dachshund Wears Prada
2024-08-03 01:34:36,498 - INFO - Processing book: Duty or Desire & Single Man Meets Single Mom
2024-08-03 01:34:38,172 - INFO - Processing book: A Bride for the Lost King
2024-08-03 01:34:39,673 - INFO - Processing book: Tactical Crime Division: Traverse City Collection
2024-08-03 01:34:40,517 - INFO - Processing book: An Inconvenient Earl
2024-08-03 01:34:42,376 - INFO - Processing book: It's One of Us
2024-08-03 01:34:44,159 - INFO - Processing book: Invitation from the Venetian Billionaire
2024-08-03 01:34:45,818 - INFO - Processing book: Rancher to the Rescue and A Cowboy in Shepherd's Crossing
2024-08-03 01:35:34,193 - INFO - Processing book: Suddenly a Family
2024-08-03 01:35:40,092 - INFO - Processing book: Cinderella's Desert Baby Bombshell
2024-08-03 01:35:42,167 - INFO - Processing book: Nine Months to Claim Her
2024-08-03 01:35:44,626 - INFO - Processing book: From One Night to Desert Queen
2024-08-03 01:35:46,440 - INFO - Processing book: Crowned for His Desert Twins
2024-08-03 01:35:48,215 - INFO - Processing book: Harlequin Desire February 2022 - Box Set 2 of 2
2024-08-03 01:35:49,435 - INFO - Processing book: Harlequin Presents - July 2021 - Box Set 1 of 2
2024-08-03 01:35:50,796 - INFO - Processing book: The Christmas She Married the Playboy
2024-08-03 01:35:52,378 - INFO - Processing book: Harlequin Presents November 2021 - Box Set 1 of 2
2024-08-03 01:35:53,089 - INFO - Processing book: Consequences of Their Wedding Charade
2024-08-03 01:36:45,445 - INFO - Processing book: The Greek Secret She Carries
2024-08-03 01:36:48,098 - INFO - Processing book: Twins for Christmas
2024-08-03 01:36:51,992 - INFO - Processing book: From Boss to Bridegroom and Family of Her Dreams
2024-08-03 01:36:53,984 - INFO - Processing book: The Only King to Claim Her
2024-08-03 01:36:55,702 - INFO - Processing book: The Rules of Their Red-Hot Reunion
2024-08-03 01:36:57,660 - INFO - Processing book: Stallion Tamer & Wyoming Cowboy Justice
2024-08-03 01:36:59,074 - INFO - Processing book: Claiming His Virgin Princess
2024-08-03 01:37:00,478 - INFO - Processing book: Snowed In for Christmas
2024-08-03 01:37:02,038 - INFO - Processing book: Innocent in the Sicilian's Palazzo
2024-08-03 01:37:03,226 - INFO - Processing book: Harlequin Presents June 2022 - Box Set 1 of 2
2024-08-03 01:37:54,793 - INFO - Processing book: The Wedding Night They Never Had
2024-08-03 01:37:57,749 - INFO - Processing book: Someone to Trust and Her Forbidden Amish Love
2024-08-03 01:38:00,005 - INFO - Processing book: The Christmas Escape
2024-08-03 01:38:02,442 - INFO - Processing book: Hide in Plain Sight
2024-08-03 01:38:04,105 - INFO - Processing book: The Innocent's One-Night Proposal
2024-08-03 01:38:05,438 - INFO - Processing book: One Wild Night with Her Enemy
2024-08-03 01:38:06,601 - INFO - Processing book: Secrets of a One Night Stand
2024-08-03 01:38:08,782 - INFO - Processing book: Shy Innocent in the Spotlight
2024-08-03 01:38:10,168 - INFO - Processing book: Confessions of His Christmas Housekeeper
2024-08-03 01:38:11,018 - INFO - Processing book: Crowned for His Christmas Baby
2024-08-03 01:38:57,219 - INFO - Processing book: The Island Villa
2024-08-03 01:39:01,847 - INFO - Processing book: Harlequin Desire July 2022 - Box Set 1 of 2
2024-08-03 01:39:04,774 - INFO - Processing book: The Italian's Bride on Paper
2024-08-03 01:39:06,836 - INFO - Processing book: Harlequin Presents - July 2021 - Box Set 2 of 2
2024-08-03 01:39:08,392 - INFO - Processing book: Harlequin Presents April 2022 - Box Set 1 of 2
2024-08-03 01:39:09,256 - INFO - Processing book: How to Tempt the Off-Limits Billionaire
2024-08-03 01:39:10,469 - INFO - Processing book: A Carolina Valentine
2024-08-03 01:39:11,566 - INFO - Processing book: Pregnant by the Wrong Prince
2024-08-03 01:39:12,596 - INFO - Processing book: A Soldier's Return & Engaged to the Single Mom
2024-08-03 01:39:13,531 - INFO - Processing book: Proof of Their One Hot Night
2024-08-03 01:39:59,305 - INFO - Processing book: A Song of Secrets
2024-08-03 01:40:01,149 - ERROR - Error closing context: BrowserContext.close: Protocol error (Browser.removeBrowserContext): this._windows[aWindow.__SSi] is undefined
2024-08-03 01:40:02,991 - INFO - Processing book: Penniless and Pregnant in Paradise
2024-08-03 01:40:04,825 - INFO - Processing book: A Deal for the Tycoon's Diamonds
2024-08-03 01:40:06,946 - INFO - Processing book: Bidding on a Texan
2024-08-03 01:40:08,262 - ERROR - Error closing context: BrowserContext.close: Protocol error (Browser.removeBrowserContext): this._windows[aWindow.__SSi] is undefined
2024-08-03 01:40:09,916 - INFO - Processing book: Her Best Kept Royal Secret
2024-08-03 01:40:11,082 - ERROR - Error closing context: BrowserContext.close: Protocol error (Browser.removeBrowserContext): this._windows[aWindow.__SSi] is undefined
2024-08-03 01:40:11,147 - ERROR - Error closing context: BrowserContext.close: Protocol error (Browser.removeBrowserContext): this._windows[aWindow.__SSi] is undefined
2024-08-03 01:40:11,789 - INFO - Processing book: How to Catch a Bad Boy
2024-08-03 01:40:12,232 - ERROR - Error closing context: BrowserContext.close: Protocol error (Browser.removeBrowserContext): this._windows[aWindow.__SSi] is undefined
2024-08-03 01:40:12,932 - INFO - Processing book: Forbidden to Her Spanish Boss
2024-08-03 01:40:13,844 - INFO - Processing book: Cinderella's Invitation to Greece
2024-08-03 01:40:14,252 - ERROR - Error closing context: BrowserContext.close: Protocol error (Browser.removeBrowserContext): this._windows[aWindow.__SSi] is undefined
2024-08-03 01:40:14,466 - ERROR - Error closing context: BrowserContext.close: Protocol error (Browser.removeBrowserContext): this._windows[aWindow.__SSi] is undefined
2024-08-03 01:40:14,902 - INFO - Processing book: Unwrapped by Her Italian Boss
2024-08-03 01:40:15,254 - ERROR - Error closing context: BrowserContext.close: Protocol error (Browser.removeBrowserContext): this._windows[aWindow.__SSi] is undefined
2024-08-03 01:40:15,787 - INFO - Processing book: Harlequin Presents March 2022 - Box Set 1 of 2
2024-08-03 01:40:16,124 - ERROR - Error closing context: BrowserContext.close: Protocol error (Browser.removeBrowserContext): this._windows[aWindow.__SSi] is undefined
2024-08-03 01:40:16,185 - ERROR - Error closing context: BrowserContext.close: Protocol error (Browser.removeBrowserContext): this._windows[aWindow.__SSi] is undefined
2024-08-03 01:41:31,320 - INFO - Processing book: Rancher's Christmas Storm
2024-08-03 01:41:34,091 - INFO - Processing book: Harlequin Presents May 2022 - Box Set 1 of 2
2024-08-03 01:41:41,543 - INFO - Processing book: His Secretly Pregnant Cinderella
2024-08-03 01:41:43,043 - INFO - Processing book: The Billionaire's Last-Minute Marriage
2024-08-03 01:41:44,246 - INFO - Processing book: The Perfect Fake Date
2024-08-03 01:41:45,389 - INFO - Processing book: Secrets of Cinderella's Awakening
2024-08-03 01:41:46,720 - INFO - Processing book: Stolen from Her Royal Wedding
2024-08-03 01:41:47,534 - INFO - Processing book: Rocky Mountain Rivals
2024-08-03 01:41:48,473 - INFO - Processing book: Promoted to the Greek's Wife
2024-08-03 01:41:49,382 - INFO - Processing book: Forbidden Nights in Barcelona
2024-08-03 01:42:31,239 - INFO - Processing book: Cinderella for the Miami Playboy
2024-08-03 01:42:36,097 - INFO - Processing book: The Rancher's Reckoning
2024-08-03 01:42:38,401 - INFO - Processing book: Best Laid Wedding Plans
2024-08-03 01:42:41,508 - INFO - Processing book: What Happens at Christmas...
2024-08-03 01:42:43,301 - INFO - Processing book: The Heirs His Housekeeper Carried
2024-08-03 01:42:45,859 - INFO - Processing book: The Italian's Bargain for His Bride
2024-08-03 01:42:46,887 - INFO - Processing book: Return of the Outback Billionaire
2024-08-03 01:42:47,778 - INFO - Processing book: Married by Contract
2024-08-03 01:42:49,126 - INFO - Processing book: Pregnant After One Forbidden Night
2024-08-03 01:42:49,780 - INFO - Processing book: Who's the Boss Now?
2024-08-03 01:43:37,971 - INFO - Processing book: Harlequin Desire June 2022 - Box Set 2 of 2
2024-08-03 01:43:41,320 - INFO - Processing book: Harlequin Desire August 2021 - Box Set 1 of 2
2024-08-03 01:43:43,334 - INFO - Processing book: Out of the Friend Zone
2024-08-03 01:43:44,926 - INFO - Processing book: The Billionaire's Proposition in Paris
2024-08-03 01:43:46,845 - INFO - Processing book: Nine Months to Tame the Tycoon
2024-08-03 01:43:48,798 - INFO - Processing book: Harlequin Presents June 2022 - Box Set 2 of 2
2024-08-03 01:43:50,547 - INFO - Processing book: Ways to Tempt the Boss
2024-08-03 01:43:51,657 - INFO - Processing book: Vows on the Virgin's Terms
2024-08-03 01:43:52,950 - INFO - Processing book: Harlequin Desire September 2021 - Box Set 1 of 2
2024-08-03 01:43:54,390 - INFO - Processing book: The Secret Heir Returns
2024-08-03 01:44:48,157 - INFO - Processing book: Snowbound with His Forbidden Princess
2024-08-03 01:44:50,154 - INFO - Processing book: Backstage Benefits
2024-08-03 01:44:53,741 - INFO - Processing book: Midnight Son
2024-08-03 01:44:55,876 - INFO - Processing book: Harlequin Presents March 2022 - Box Set 2 of 2
2024-08-03 01:44:57,917 - INFO - Processing book: The Billionaire's One-Night Baby
2024-08-03 01:44:59,576 - INFO - Processing book: Returning for His Unknown Son
2024-08-03 01:45:00,811 - INFO - Processing book: Ever After Exes
2024-08-03 01:45:01,840 - INFO - Processing book: One Night with Her Forgotten Husband
2024-08-03 01:45:02,649 - INFO - Processing book: Harlequin Presents February 2022 - Box Set 1 of 2
2024-08-03 01:45:03,810 - INFO - Processing book: Promises from a Playboy
2024-08-03 01:45:52,444 - INFO - Processing book: From Feuding to Falling
2024-08-03 01:45:55,070 - INFO - Processing book: A Vow to Claim His Hidden Son
2024-08-03 01:45:57,838 - INFO - Processing book: Banished Prince to Desert Boss
2024-08-03 01:45:59,315 - INFO - Processing book: Maid for the Greek's Ring
2024-08-03 01:46:01,706 - INFO - Processing book: Harlequin Presents December 2021 - Box Set 1 of 2
2024-08-03 01:46:03,425 - INFO - Processing book: Harlequin Presents January 2022 - Box Set 2 of 2
2024-08-03 01:46:04,381 - INFO - Processing book: Revealing Her Nine-Month Secret
2024-08-03 01:46:05,522 - INFO - Processing book: Harlequin Presents October 2021 - Box Set 1 of 2
2024-08-03 01:46:06,808 - INFO - Processing book: Inconvenient Attraction
2024-08-03 01:46:07,801 - INFO - Processing book: Harlequin Desire May 2022 - Box Set 1 of 2
2024-08-03 01:46:59,537 - INFO - Processing book: Trapped with the Texan
2024-08-03 01:47:02,618 - INFO - Processing book: Husband in Name Only
2024-08-03 01:47:06,038 - INFO - Processing book: An Absence of Motive
2024-08-03 01:47:11,678 - INFO - Processing book: The Secret She Kept in Bollywood
2024-08-03 01:47:13,898 - INFO - Processing book: The Fake Engagement Favor
2024-08-03 01:47:15,553 - INFO - Processing book: Harlequin Intrigue February 2022 - Box Set 1 of 2
2024-08-03 01:47:16,330 - INFO - Processing book: The Ex Upstairs
2024-08-03 01:47:17,250 - INFO - Processing book: Reclaiming His Ruined Princess
2024-08-03 01:47:18,208 - INFO - Processing book: Harlequin Desire January 2022 - Box Set 2 of 2
2024-08-03 01:47:19,295 - INFO - Processing book: Texas Baby Conspiracy
2024-08-03 01:48:14,750 - INFO - Processing book: After Hours Temptation
2024-08-03 01:48:18,067 - INFO - Processing book: Sniffing Out Danger
2024-08-03 01:48:21,289 - INFO - Processing book: Playing by the Marriage Rules
2024-08-03 01:48:23,301 - INFO - Processing book: Tracing a Kidnapper
2024-08-03 01:48:24,652 - INFO - Processing book: One Snowbound New Year's Night
2024-08-03 01:48:25,695 - INFO - Processing book: Holiday Playbook
2024-08-03 01:48:26,854 - INFO - Processing book: Harlequin Desire August 2021 - Box 2 of 2
2024-08-03 01:48:28,096 - INFO - Processing book: Return of the Rancher
2024-08-03 01:48:29,202 - INFO - Processing book: Serial Slayer Cold Case
2024-08-03 01:48:30,407 - INFO - Processing book: Harlequin Desire November 2021 - Box Set 2 of 2
2024-08-03 01:49:25,473 - INFO - Processing book: Surviving the Truth
2024-08-03 01:49:30,122 - INFO - Processing book: Harlequin Desire December 2021 - Box Set 2 of 2
2024-08-03 01:49:31,916 - INFO - Processing book: Harlequin Desire February 2022 - Box Set 1 of 2
2024-08-03 01:49:34,266 - INFO - Processing book: Harlequin Intrigue June 2022 - Box Set 1 of 2
2024-08-03 01:49:36,214 - INFO - Processing book: Harlequin Desire May 2022 - Box Set 2 of 2
2024-08-03 01:49:38,566 - INFO - Processing book: One Night Consequence
2024-08-03 01:49:41,574 - INFO - Processing book: K-9 Hideout
2024-08-03 01:49:43,197 - INFO - Processing book: Just a Little Married
2024-08-03 01:49:44,351 - INFO - Processing book: What Happens on Vacation...
2024-08-03 01:49:45,456 - INFO - Processing book: One Little Secret
2024-08-03 01:50:38,264 - INFO - Processing book: Harlequin Intrigue November 2021 - Box Set 2 of 2
2024-08-03 01:50:43,112 - INFO - Processing book: Harlequin Desire April 2022 - Box Set 1 of 2
2024-08-03 01:50:46,215 - INFO - Processing book: Cold Case at Cardwell Ranch
2024-08-03 01:50:50,384 - INFO - Processing book: Dead in the Water
2024-08-03 01:50:51,553 - INFO - Processing book: Harlequin Desire April 2022 - Box Set 2 of 2
2024-08-03 01:50:52,943 - INFO - Processing book: The Wedding Dare
2024-08-03 01:50:54,022 - INFO - Processing book: Harlequin Desire October 2021 - Box Set 1 of 2
2024-08-03 01:50:54,969 - INFO - Processing book: Rogue Christmas Operation
2024-08-03 01:50:56,125 - INFO - Processing book: Harlequin Desire September 2021 - Box Set 2 of 2
2024-08-03 01:50:57,971 - INFO - Processing book: The Problem with Playboys
2024-08-03 01:51:43,849 - INFO - Processing book: John Doe Cold Case
2024-08-03 01:51:47,407 - ERROR - Error closing context: BrowserContext.close: Protocol error (Browser.removeBrowserContext): this._windows[aWindow.__SSi] is undefined
2024-08-03 01:51:51,196 - INFO - Processing book: An Operative's Last Stand
2024-08-03 01:51:52,229 - ERROR - Error closing context: BrowserContext.close: Protocol error (Browser.removeBrowserContext): this._windows[aWindow.__SSi] is undefined
2024-08-03 01:51:53,394 - INFO - Processing book: Intimate Seduction
2024-08-03 01:51:55,400 - INFO - Processing book: Secrets of a Wedding Crasher
2024-08-03 01:51:57,941 - INFO - Processing book: Harlequin Intrigue March 2022 - Box Set 1 of 2
2024-08-03 01:51:58,978 - INFO - Processing book: Harlequin Special Edition November 2021 - Box Set 2 of 2
2024-08-03 01:52:00,038 - INFO - Processing book: One Night Expectations
2024-08-03 01:52:00,938 - ERROR - Error closing context: BrowserContext.close: Protocol error (Browser.removeBrowserContext): this._windows[aWindow.__SSi] is undefined
2024-08-03 01:52:01,129 - ERROR - Error closing context: BrowserContext.close: Protocol error (Browser.removeBrowserContext): this._windows[aWindow.__SSi] is undefined
2024-08-03 01:52:01,730 - INFO - Processing book: Harlequin Intrigue August 2021 - Box Set 1 of 2
2024-08-03 01:52:02,293 - INFO - Processing book: Million-Dollar Mix-Up
2024-08-03 01:52:02,689 - ERROR - Error closing context: BrowserContext.close: Protocol error (Browser.removeBrowserContext): this._windows[aWindow.__SSi] is undefined
2024-08-03 01:52:02,726 - ERROR - Error closing context: BrowserContext.close: Protocol error (Browser.removeBrowserContext): this._windows[aWindow.__SSi] is undefined
2024-08-03 01:52:03,111 - INFO - Processing book: Decoy Training
2024-08-03 01:52:03,494 - ERROR - Error closing context: BrowserContext.close: Protocol error (Browser.removeBrowserContext): this._windows[aWindow.__SSi] is undefined
2024-08-03 01:53:19,672 - INFO - Processing book: The Rebel's Return
2024-08-03 01:53:24,901 - INFO - Processing book: Cowboy in the Crosshairs
2024-08-03 01:53:28,360 - INFO - Processing book: A Very Intimate Takeover
2024-08-03 01:53:30,519 - INFO - Processing book: A Stranger on Her Doorstep
2024-08-03 01:53:32,308 - INFO - Processing book: Held Hostage at Whiskey Gulch
2024-08-03 01:53:33,585 - INFO - Processing book: Profiling a Killer
2024-08-03 01:53:34,873 - INFO - Processing book: Resolute Justice
2024-08-03 01:53:35,541 - INFO - Processing book: Wrong Brother, Right Kiss
2024-08-03 01:53:37,063 - INFO - Processing book: Their Texas Triplets
2024-08-03 01:53:38,584 - INFO - Processing book: Trial in the Backwoods
2024-08-03 01:54:22,974 - INFO - Processing book: Conard County: Christmas Bodyguard
2024-08-03 01:54:31,447 - INFO - Processing book: Setup at Whiskey Gulch
2024-08-03 01:54:34,332 - INFO - Processing book: Undercover Rescue
2024-08-03 01:54:37,543 - INFO - Processing book: The Reunion
2024-08-03 01:54:42,442 - INFO - Processing book: To Catch a Killer
2024-08-03 01:54:43,358 - INFO - Processing book: Dead Giveaway
2024-08-03 01:54:44,524 - INFO - Processing book: How to Handle a Heartbreaker
2024-08-03 01:56:05,453 - ERROR - Error processing url https://www.kobo.com/us/en/ebook/a-ranch-to-come-home-to: Page.wait_for_selector: Timeout 100000ms exceeded.
Call log:
waiting for locator("ul.stars.read-only") to be visible

2024-08-03 01:56:05,829 - ERROR - Error processing url https://www.kobo.com/us/en/ebook/montana-legacy-4: Page.wait_for_selector: Timeout 100000ms exceeded.
Call log:
waiting for locator("ul.stars.read-only") to be visible

2024-08-03 01:56:09,067 - ERROR - Error processing url https://www.kobo.com/us/en/ebook/safeguarding-the-surrogate: Page.wait_for_selector: Timeout 100000ms exceeded.
Call log:
waiting for locator("ul.stars.read-only") to be visible

2024-08-03 01:56:50,245 - INFO - Processing book: Rancher's Forgotten Rival
2024-08-03 01:56:56,747 - INFO - Processing book: The Trap
2024-08-03 01:57:04,626 - INFO - Processing book: The Rancher's Summer Secret
2024-08-03 01:57:07,104 - INFO - Processing book: The Most Eligible Cowboy
2024-08-03 01:57:09,114 - INFO - Processing book: Harlequin Desire June 2022 - Box Set 1 of 2
2024-08-03 01:57:10,085 - INFO - Processing book: Texas Abduction
2024-08-03 01:57:11,234 - INFO - Processing book: The Night That Changed Everything
2024-08-03 01:57:12,125 - INFO - Processing book: Tall, Dark and Off Limits
2024-08-03 01:57:13,555 - INFO - Processing book: A Rancher's Touch
2024-08-03 01:57:14,972 - INFO - Processing book: Million-Dollar Consequences
2024-08-03 01:58:11,480 - INFO - Processing book: Alaskan Christmas Escape
2024-08-03 01:58:15,730 - INFO - Processing book: A Kiss at the Mistletoe Rodeo
2024-08-03 01:58:17,599 - INFO - Processing book: Chasing the Violet Killer
2024-08-03 01:58:19,722 - INFO - Processing book: Grizzly Creek Standoff
2024-08-03 01:58:20,706 - INFO - Processing book: Targeting the Deputy
2024-08-03 01:58:22,314 - INFO - Processing book: Harlequin Special Edition June 2022 - Box Set 2 of 2
2024-08-03 01:58:23,609 - INFO - Processing book: The Puppy Problem
2024-08-03 01:58:24,677 - INFO - Processing book: Harlequin Intrigue December 2021 - Box Set 2 of 2
2024-08-03 01:58:25,917 - INFO - Processing book: Decoding a Criminal
2024-08-03 01:58:27,041 - INFO - Processing book: Harlequin Intrigue August 2021 - Box Set 2 of 2
2024-08-03 01:59:21,596 - INFO - Processing book: The Heart-Shaped Murders
2024-08-03 01:59:23,653 - INFO - Processing book: Little Girl Gone
2024-08-03 01:59:26,261 - INFO - Processing book: Cold Case True Crime
2024-08-03 01:59:27,996 - INFO - Processing book: Newlywed Assignment
2024-08-03 01:59:30,159 - INFO - Processing book: A Brambleberry Summer
2024-08-03 01:59:31,941 - INFO - Processing book: Disappearance at Dakota Ridge
2024-08-03 01:59:32,822 - INFO - Processing book: Moonlight, Menorahs and Mistletoe
2024-08-03 01:59:33,696 - INFO - Processing book: Murder Gone Cold
2024-08-03 01:59:34,887 - INFO - Processing book: Undercover Couple
2024-08-03 01:59:36,052 - INFO - Processing book: Harlequin Intrigue July 2021 - Box Set 2 of 2
2024-08-03 02:00:16,536 - INFO - Processing book: Bayou Christmas Disappearance
2024-08-03 02:00:21,304 - INFO - Processing book: Sticking to Her Guns
2024-08-03 02:00:24,142 - INFO - Processing book: Harlequin Intrigue May 2022 - Box Set 2 of 2
2024-08-03 02:00:27,032 - INFO - Processing book: Their New Year's Beginning
2024-08-03 02:00:28,849 - INFO - Processing book: Christmas Data Breach
2024-08-03 02:00:30,930 - INFO - Processing book: Missing at Christmas
2024-08-03 02:00:32,270 - INFO - Processing book: Murder on Prescott Mountain
2024-08-03 02:00:33,538 - INFO - Processing book: Harlequin Intrigue October 2021 - Box Set 2 of 2
2024-08-03 02:00:34,637 - INFO - Processing book: Texas Stalker
2024-08-03 02:00:35,846 - INFO - Processing book: Harlequin Intrigue October 2021 - Box Set 1 of 2
2024-08-03 02:01:24,129 - INFO - Processing book: Twelve Dates of Christmas
2024-08-03 02:01:27,100 - INFO - Processing book: The Cowboy's Christmas Retreat
2024-08-03 02:01:33,523 - INFO - Processing book: Mustang Creek Manhunt
2024-08-03 02:01:35,702 - INFO - Processing book: For His Daughter's Sake
2024-08-03 02:01:37,588 - INFO - Processing book: Last-Chance Marriage Rescue
2024-08-03 02:01:39,338 - INFO - Processing book: Missing at Full Moon Mine
2024-08-03 02:01:41,092 - INFO - Processing book: Merry Christmas, Baby
2024-08-03 02:01:42,397 - INFO - Processing book: Dodging Bullets in Blue Valley
2024-08-03 02:01:43,282 - INFO - Processing book: Kentucky Crime Ring
2024-08-03 02:01:44,339 - INFO - Processing book: Disavowed in Wyoming
2024-08-03 02:02:37,268 - INFO - Processing book: A Blues Singer to Redeem Him
2024-08-03 02:02:41,804 - INFO - Processing book: Conspiracy in the Rockies
2024-08-03 02:02:44,946 - INFO - Processing book: Marriage Deal with the Devilish Duke
2024-08-03 02:02:48,677 - INFO - Processing book: A Delicious Dilemma
2024-08-03 02:02:50,361 - INFO - Processing book: Trapping a Terrorist
2024-08-03 02:02:51,259 - INFO - Processing book: The Father of Her Sons
2024-08-03 02:02:52,405 - INFO - Processing book: Harlequin Desire July 2022 - Box Set 2 of 2
2024-08-03 02:02:53,391 - INFO - Processing book: Harlequin Intrigue December 2021 - Box Set 1 of 2
2024-08-03 02:02:55,056 - INFO - Processing book: Christmas at the Château
2024-08-03 02:02:56,131 - INFO - Processing book: The Duke's Counterfeit Wife
2024-08-03 02:03:42,985 - INFO - Processing book: Harlequin Intrigue June 2022 - Box Set 2 of 2
2024-08-03 02:03:45,573 - INFO - Processing book: Harlequin Special Edition February 2022 - Box Set 1 of 2
2024-08-03 02:03:49,968 - INFO - Processing book: Harlequin Special Edition December 2021 - Box Set 1 of 2
2024-08-03 02:03:51,872 - INFO - Processing book: Their Rancher Protector
2024-08-03 02:03:53,461 - INFO - Processing book: Not Their First Rodeo
2024-08-03 02:03:54,816 - INFO - Processing book: Accidental Homecoming
2024-08-03 02:03:55,854 - INFO - Processing book: A Victorian Family Christmas
2024-08-03 02:03:56,522 - INFO - Processing book: Strangers in Paradise
2024-08-03 02:03:57,739 - INFO - Processing book: The Family She Didn't Expect
2024-08-03 02:03:59,061 - INFO - Processing book: Sleigh Ride with the Rancher
2024-08-03 02:04:40,542 - INFO - Processing book: Harlequin Special Edition September 2021 - Box Set 2 of 2
2024-08-03 02:04:44,529 - INFO - Processing book: Harlequin Special Edition March 2022 - Box Set 2 of 2
2024-08-03 02:04:46,904 - INFO - Processing book: The Knight's Maiden in Disguise
2024-08-03 02:04:48,266 - INFO - Processing book: Harlequin Special Edition October 2021 - Box Set 2 of 2
2024-08-03 02:04:50,340 - INFO - Processing book: A Marriage Made in Secret
2024-08-03 02:04:51,626 - INFO - Processing book: Conard County: Mistaken Identity
2024-08-03 02:04:52,671 - INFO - Processing book: The Major Gets it Right
2024-08-03 02:04:53,859 - INFO - Processing book: The Sergeant's Matchmaking Dog
2024-08-03 02:04:55,350 - INFO - Processing book: Home is Where the Hound Is
2024-08-03 02:04:56,450 - INFO - Processing book: The Hero Next Door
2024-08-03 02:05:47,268 - INFO - Processing book: Harlequin Intrigue April 2022 - Box Set 1 of 2
2024-08-03 02:05:50,760 - INFO - Processing book: Harlequin Historical July 2021 - Box Set 1 of 2
2024-08-03 02:05:53,184 - INFO - Processing book: The Wrangler Rides Again
2024-08-03 02:05:54,704 - INFO - Processing book: Love off the Leash
2024-08-03 02:05:56,009 - INFO - Processing book: Harlequin Special Edition December 2021 - Box Set 2 of 2
2024-08-03 02:05:57,384 - INFO - Processing book: First Comes Baby...
2024-08-03 02:05:58,373 - INFO - Processing book: Her Hometown Man
2024-08-03 02:05:59,459 - INFO - Processing book: Grand-Prize Cowboy
2024-08-03 02:06:00,544 - INFO - Processing book: Harlequin Special Edition August 2021 - Box Set 2 of 2
2024-08-03 02:06:01,431 - INFO - Processing book: A Fortune in the Family
2024-08-03 02:06:54,750 - INFO - Processing book: Harlequin Special Edition July 2021 - Box Set 1 of 2
2024-08-03 02:06:57,138 - INFO - Processing book: Harlequin Special Edition January 2022 - Box Set 2 of 2
2024-08-03 02:06:59,416 - INFO - Processing book: Their Texas Christmas Gift
2024-08-03 02:07:00,654 - INFO - Processing book: Captivating the Cynical Earl
2024-08-03 02:07:02,240 - INFO - Processing book: Harlequin Special Edition February 2022 - Box Set 2 of 2
2024-08-03 02:07:03,264 - INFO - Processing book: Harlequin Historical August 2021 - Box Set 2 of 2
2024-08-03 02:07:04,246 - INFO - Processing book: A Nun for the Viking Warrior
2024-08-03 02:07:05,369 - INFO - Processing book: Dreaming of a Christmas Cowboy
2024-08-03 02:07:06,801 - INFO - Processing book: The Best Man in Texas
2024-08-03 02:07:07,934 - INFO - Processing book: A Scandal at Midnight
2024-08-03 02:07:54,789 - INFO - Processing book: Cinderella Next Door
2024-08-03 02:07:56,584 - INFO - Processing book: Harlequin Special Edition November 2021 - Box Set 1 of 2
2024-08-03 02:08:00,523 - INFO - Processing book: The Horse Trainer's Secret
2024-08-03 02:08:03,390 - INFO - Processing book: Harlequin Historical December 2021 - Box Set 1 of 2
2024-08-03 02:08:04,960 - INFO - Processing book: Harlequin Special Edition March 2022 - Box Set 1 of 2
2024-08-03 02:08:06,616 - INFO - Processing book: Harlequin Special Edition October 2021 - Box Set 1 of 2
2024-08-03 02:08:07,766 - INFO - Processing book: Harlequin Historical August 2021 - Box Set 1 of 2
2024-08-03 02:08:09,340 - INFO - Processing book: The Highlander's Substitute Wife
2024-08-03 02:08:10,960 - INFO - Processing book: Harlequin Special Edition September 2021 - Box Set 1 of 2
2024-08-03 02:08:12,045 - INFO - Processing book: Heir to the Ranch
2024-08-03 02:08:55,039 - INFO - Processing book: A Cinderella for the Viscount
2024-08-03 02:08:57,692 - INFO - Processing book: Summoning Up Love
2024-08-03 02:09:00,212 - INFO - Processing book: Lady Olivia's Forbidden Protector
2024-08-03 02:09:03,093 - INFO - Processing book: Falling for His Practical Wife
2024-08-03 02:09:07,288 - INFO - Processing book: Falling for the Scandalous Lady
2024-08-03 02:09:11,127 - INFO - Processing book: Lady Armstrong's Scandalous Awakening
2024-08-03 02:09:12,539 - INFO - Processing book: A Dance to Save the Debutante
2024-08-03 02:09:13,586 - INFO - Processing book: Harlequin Historical April 2022 - Box Set 2 of 2
2024-08-03 02:09:14,445 - INFO - Processing book: Second-Chance Summer
2024-08-03 02:09:15,253 - INFO - Processing book: The Rancher's Baby Surprise
2024-08-03 02:10:03,978 - INFO - Processing book: Bloom Where You're Planted
2024-08-03 02:10:06,816 - INFO - Processing book: Conveniently Wed to a Spy
2024-08-03 02:10:10,731 - INFO - Processing book: Playing the Duke's Fiancée
2024-08-03 02:10:12,881 - INFO - Processing book: Stranded with the Reclusive Earl
2024-08-03 02:10:14,622 - INFO - Processing book: Harlequin Historical November 2021 - Box Set 2 of 2
2024-08-03 02:10:15,369 - INFO - Processing book: The Marine's Reluctant Return
2024-08-03 02:10:16,526 - INFO - Processing book: Harlequin Historical July 2021 - Box Set 2 of 2
2024-08-03 02:10:17,780 - INFO - Processing book: His Lost and Found Family
2024-08-03 02:10:18,827 - INFO - Processing book: Snow-Kissed Proposals
2024-08-03 02:10:19,840 - INFO - Processing book: The Princess and the Pediatrician
2024-08-03 02:11:05,508 - INFO - Processing book: To Catch a Runaway Bride
2024-08-03 02:11:11,946 - INFO - Processing book: Falling for His Runaway Nurse
2024-08-03 02:11:14,616 - INFO - Processing book: Harlequin Special Edition May 2022 - Box Set 1 of 2
2024-08-03 02:11:16,885 - INFO - Processing book: The Knight's Tempting Ally
2024-08-03 02:11:18,503 - INFO - Processing book: Harlequin Special Edition June 2022 - Box Set 1 of 2
2024-08-03 02:11:19,792 - INFO - Processing book: The Highlander's Inconvenient Bride
2024-08-03 02:11:22,197 - INFO - Processing book: Harlequin Medical Romance March 2022 - Box Set 2 of 2
2024-08-03 02:11:23,020 - INFO - Processing book: The Housekeeper of Thornhallow Hall
2024-08-03 02:11:23,953 - INFO - Processing book: The Return of Her Long-Lost Husband
2024-08-03 02:11:24,762 - INFO - Processing book: The Laird's Runaway Wife
2024-08-03 02:12:10,324 - INFO - Processing book: A Starlight Summer
2024-08-03 02:12:12,501 - INFO - Processing book: Enthralled by Her Enemy's Kiss
2024-08-03 02:12:14,971 - INFO - Processing book: The Return of Her Lost Knight
2024-08-03 02:12:16,586 - INFO - Processing book: The Viscount's New Housekeeper
2024-08-03 02:12:18,651 - INFO - Processing book: Reluctant Roommates
2024-08-03 02:12:20,453 - INFO - Processing book: Harlequin Historical October 2021 - Box Set 2 of 2
2024-08-03 02:12:21,817 - INFO - Processing book: How Not to Chaperon a Lady
2024-08-03 02:12:23,408 - INFO - Processing book: Harlequin Medical Romance July 2021 - Box Set 1 of 2
2024-08-03 02:12:24,426 - INFO - Processing book: The Little Matchmaker
2024-08-03 02:12:25,348 - INFO - Processing book: Winning Back His Duchess
2024-08-03 02:13:06,674 - INFO - Processing book: Taming the Hot-Shot Doc
2024-08-03 02:13:12,491 - INFO - Processing book: The Duke's Rebellious Lady
2024-08-03 02:13:14,653 - INFO - Processing book: Harlequin Historical January 2022 - Box Set 2 of 2
2024-08-03 02:13:16,726 - INFO - Processing book: The Doctor's Reunion to Remember
2024-08-03 02:13:18,667 - INFO - Processing book: Harlequin Medical Romance August 2021 - Box Set 2 of 2
2024-08-03 02:13:20,528 - INFO - Processing book: Harlequin Medical Romance August 2021 - Box Set 1 of 2
2024-08-03 02:13:21,294 - INFO - Processing book: Fling with the Children's Heart Doctor
2024-08-03 02:13:22,482 - INFO - Processing book: Lord Grantwell's Christmas Wish
2024-08-03 02:13:23,524 - INFO - Processing book: Lord Tresham's Tempting Rival
2024-08-03 02:13:24,970 - INFO - Processing book: Harlequin Special Edition May 2022 - Box Set 2 of 2
2024-08-03 02:14:02,700 - INFO - Processing book: Harlequin Historical June 2022 - Box Set 2 of 2
2024-08-03 02:14:07,399 - INFO - Processing book: The Heiress and the Baby Boom
2024-08-03 02:14:10,725 - INFO - Processing book: Harlequin Historical September 2021 - Box Set 2 of 2
2024-08-03 02:14:13,955 - INFO - Processing book: Secret from Their LA Night
2024-08-03 02:14:15,894 - INFO - Processing book: Harlequin Historical May 2022 - Box Set 1 of 2
2024-08-03 02:14:17,160 - INFO - Processing book: A Family to Save the Doctor's Heart
2024-08-03 02:14:18,992 - INFO - Processing book: The Marquess Meets His Match
2024-08-03 02:14:21,457 - INFO - Processing book: Harlequin Special Edition April 2022 - Box Set 2 of 2
2024-08-03 02:14:22,484 - INFO - Processing book: The Highlander's Stolen Bride
2024-08-03 02:14:24,014 - INFO - Processing book: Caribbean Paradise, Miracle Family
2024-08-03 02:15:12,307 - INFO - Processing book: Harlequin Medical Romance January 2022 - Box Set 1 of 2
2024-08-03 02:15:15,392 - INFO - Processing book: Harlequin Medical Romance December 2021 - Box Set 2 of 2
2024-08-03 02:15:17,588 - INFO - Processing book: A Single Dad to Rescue Her
2024-08-03 02:15:19,174 - INFO - Processing book: Harlequin Historical April 2022 - Box Set 1 of 2
2024-08-03 02:15:20,454 - INFO - Processing book: White Christmas with Her Millionaire Doc
2024-08-03 02:15:21,343 - INFO - Processing book: Harlequin Medical Romance January 2022 - Box Set 2 of 2
2024-08-03 02:15:22,216 - INFO - Processing book: From Florida Fling to Forever
2024-08-03 02:15:23,334 - INFO - Processing book: Tempted by Her Convenient Husband
2024-08-03 02:15:24,240 - INFO - Processing book: The Iron Warrior Returns
2024-08-03 02:15:25,144 - INFO - Processing book: Billionaire's Road Trip to Forever
2024-08-03 02:16:07,730 - INFO - Processing book: In Bali with the Single Dad
2024-08-03 02:16:13,621 - INFO - Processing book: The Return of His Promised Duchess
2024-08-03 02:16:18,163 - INFO - Processing book: Harlequin Historical November 2021 Box Set - 1 of 2
2024-08-03 02:16:20,010 - INFO - Processing book: Inherited as the Gentleman's Bride
2024-08-03 02:16:21,378 - INFO - Processing book: From Best Friends to I Do?
2024-08-03 02:16:22,815 - INFO - Processing book: Harlequin Historical February 2022 - Box Set 2 of 2
2024-08-03 02:16:23,776 - INFO - Processing book: Falling for the Brooding Doc
2024-08-03 02:16:24,525 - INFO - Processing book: Forbidden Nights with the Surgeon
2024-08-03 02:16:26,002 - INFO - Processing book: Falling for the Billionaire Doc
2024-08-03 02:16:26,902 - INFO - Processing book: The Highlander's Tactical Marriage
2024-08-03 02:17:12,651 - INFO - Processing book: Harlequin Romance August 2021 Box Set
2024-08-03 02:17:15,379 - INFO - Processing book: The Vet's Unexpected Family
2024-08-03 02:17:16,774 - INFO - Processing book: Regency Christmas Liaisons
2024-08-03 02:17:20,214 - INFO - Processing book: The Nurse's Christmas Hero
2024-08-03 02:17:22,368 - INFO - Processing book: Island Fling with the Surgeon
2024-08-03 02:17:23,683 - INFO - Processing book: Harlequin Historical June 2022 - Box Set 1 of 2
2024-08-03 02:17:24,827 - INFO - Processing book: Forbidden Fling with Dr. Right
2024-08-03 02:17:27,604 - INFO - Processing book: The Millionaire's Melbourne Proposal
2024-08-03 02:17:28,972 - INFO - Processing book: A GP to Steal His Heart
2024-08-03 02:17:30,349 - INFO - Processing book: Harlequin Medical Romance October 2021 - Box Set 1 of 2
2024-08-03 02:18:19,470 - INFO - Processing book: Lady Rachel's Dangerous Duke
2024-08-03 02:18:20,887 - INFO - Processing book: Twins for the Neurosurgeon
2024-08-03 02:18:24,112 - INFO - Processing book: New Year Kiss with His Cinderella
2024-08-03 02:18:26,862 - INFO - Processing book: Harlequin Medical Romance September 2021 - Box Set 1 of 2
2024-08-03 02:18:28,613 - INFO - Processing book: Harlequin Historical May 2022 - Box Set 2 of 2
2024-08-03 02:18:29,346 - INFO - Processing book: Falling for Her Off-Limits Boss
2024-08-03 02:18:30,128 - INFO - Processing book: One Night with the Sicilian Surgeon
2024-08-03 02:18:31,207 - INFO - Processing book: Winter Nights with the Single Dad
2024-08-03 02:18:32,673 - INFO - Processing book: The Viscount's Christmas Proposal
2024-08-03 02:18:33,402 - INFO - Processing book: Harlequin Medical Romance April 2022 - Box Set 1 of 2
2024-08-03 02:19:19,046 - INFO - Processing book: Harlequin Medical Romance February 2022 - Box Set 1 of 2
2024-08-03 02:19:21,823 - INFO - Processing book: Harlequin Medical Romance June 2022 - Box Set 2 of 2
2024-08-03 02:19:24,377 - INFO - Processing book: Operation Whistleblower
2024-08-03 02:19:26,384 - INFO - Processing book: Falling for the Sardinian Baron
2024-08-03 02:19:27,723 - INFO - Processing book: Marriage Miracle in Emergency
2024-08-03 02:19:29,454 - INFO - Processing book: The Knight's Convenient Alliance
2024-08-03 02:19:30,737 - INFO - Processing book: The Paramedic's Secret Son
2024-08-03 02:19:32,526 - INFO - Processing book: Harlequin Medical Romance April 2022 - Box Set 2 of 2
2024-08-03 02:19:34,532 - INFO - Processing book: How to Win the Surgeon's Heart
2024-08-03 02:19:35,782 - INFO - Processing book: A Festive Fling in Stockholm
2024-08-03 02:20:28,979 - INFO - Processing book: Costa Rican Fling with the Doc
2024-08-03 02:20:32,442 - INFO - Processing book: Neonatal Doc on Her Doorstep
2024-08-03 02:20:34,515 - INFO - Processing book: Reawakened at the South Pole
2024-08-03 02:20:35,918 - INFO - Processing book: Harlequin Medical Romance Febraury 2022 - Box Set 2 of 2
2024-08-03 02:20:37,390 - INFO - Processing book: Christmas with His Cinderella
2024-08-03 02:20:38,319 - INFO - Processing book: Shock Baby for the Doctor
2024-08-03 02:20:39,312 - INFO - Processing book: The Duke's Forbidden Ward
2024-08-03 02:20:40,962 - INFO - Processing book: Their Second Chance Miracle
2024-08-03 02:20:42,158 - INFO - Processing book: A Gift to Change His Life
2024-08-03 02:20:42,966 - INFO - Processing book: Harlequin Romance May 2022 Box Set
2024-08-03 02:21:29,170 - INFO - Processing book: The Secret Casseveti Baby
2024-08-03 02:21:31,874 - INFO - Processing book: Starting Over with the Single Dad
2024-08-03 02:21:34,302 - INFO - Processing book: A GP Worth Staying For
2024-08-03 02:21:35,886 - INFO - Processing book: Healing Her Brooding Island Hero
2024-08-03 02:21:37,093 - INFO - Processing book: Baby Miracle for the ER Doc
2024-08-03 02:21:38,572 - INFO - Processing book: The Midwife from His Past
2024-08-03 02:21:39,490 - INFO - Processing book: Indonesian Date with the Single Dad
2024-08-03 02:21:40,354 - INFO - Processing book: One Week in Venice with the CEO
2024-08-03 02:21:41,190 - INFO - Processing book: Taking a Chance on the Best Man
2024-08-03 02:21:42,116 - INFO - Processing book: Hawaiian Medic to Rescue His Heart
2024-08-03 02:22:23,015 - INFO - Processing book: Falling for Her Convenient Groom
2024-08-03 02:22:26,122 - INFO - Processing book: Reunited by Her Twin Revelation
2024-08-03 02:22:27,961 - INFO - Processing book: Harlequin Medical Romance December 2021 - Box Set 1 of 2
2024-08-03 02:22:29,946 - INFO - Processing book: Cinderella and the Brooding Billionaire
2024-08-03 02:22:31,729 - INFO - Processing book: Harlequin Romance December 2021 Box Set
2024-08-03 02:22:32,802 - INFO - Processing book: A Proposal in Provence
2024-08-03 02:22:33,892 - INFO - Processing book: Second Chance with His Princess
2024-08-03 02:22:34,802 - INFO - Processing book: Unlocking the Doctor's Secrets
2024-08-03 02:22:35,801 - INFO - Processing book: Uncovering Colton's Family Secret
2024-08-03 02:22:36,357 - INFO - Processing book: The Farmer Next Door
2024-08-03 02:23:24,515 - INFO - Processing book: Finding Forever on Their Island Paradise
2024-08-03 02:23:26,516 - INFO - Processing book: From the Night Shift to Forever
2024-08-03 02:23:28,487 - INFO - Processing book: Surprise Reunion with His Cinderella
2024-08-03 02:23:30,324 - INFO - Processing book: Harlequin Romantic Suspense October 2021 Box Set
2024-08-03 02:23:31,587 - INFO - Processing book: Harlequin Romantic Suspense November 2021 Box Set
2024-08-03 02:23:32,835 - INFO - Processing book: The Doctor She Should Resist
2024-08-03 02:23:34,032 - INFO - Processing book: Cinderella and the Vicomte
2024-08-03 02:23:34,697 - INFO - Processing book: The Vet's Unexpected Houseguest
2024-08-03 02:23:35,292 - INFO - Processing book: Harlequin Romance April 2022 Box Set
2024-08-03 02:23:35,966 - INFO - Processing book: Surgeon's Second Chance in Florence
2024-08-03 02:24:14,908 - INFO - Processing book: Harlequin Medical Romance May 2022 - Box Set 2 of 2
2024-08-03 02:24:17,059 - INFO - Processing book: Baby Surprise for the Millionaire
2024-08-03 02:24:19,021 - INFO - Processing book: Escape with Her Greek Tycoon
2024-08-03 02:24:23,607 - INFO - Processing book: Colton 911: Secret Alibi
2024-08-03 02:24:24,980 - INFO - Processing book: Under the Rancher's Protection
2024-08-03 02:24:26,563 - INFO - Processing book: The Single Dad's Christmas Proposal
2024-08-03 02:24:27,782 - INFO - Processing book: Harlequin Romance March 2022 Box Set
2024-08-03 02:24:28,823 - INFO - Processing book: Colton K-9 Target
2024-08-03 02:24:29,791 - INFO - Processing book: Their Marriage Meant To Be
2024-08-03 02:24:31,254 - INFO - Processing book: Stolen Nights with the Single Dad
2024-08-03 02:25:17,776 - INFO - Processing book: A Ring for His Pregnant Midwife
2024-08-03 02:25:19,886 - INFO - Processing book: Second Chance with His Cinderella
2024-08-03 02:25:22,741 - INFO - Processing book: Wed for Their One Night Baby
2024-08-03 02:25:24,461 - INFO - Processing book: A Colton Internal Affair
2024-08-03 02:25:25,493 - INFO - Processing book: Colton 911: Under Suspicion
2024-08-03 02:25:26,714 - INFO - Processing book: The Innocent Witness
2024-08-03 02:25:27,946 - INFO - Processing book: Whisked into the Billionaire's World
2024-08-03 02:25:28,879 - INFO - Processing book: The Spy Switch
2024-08-03 02:25:29,852 - INFO - Processing book: Reunited with Her Surgeon Boss
2024-08-03 02:25:31,237 - INFO - Processing book: Colton's Dangerous Reunion
2024-08-03 02:26:17,341 - INFO - Processing book: Harlequin Romantic Suspense July 2022 - Box Set
2024-08-03 02:26:24,555 - INFO - Processing book: The Billionaire's Island Reunion
2024-08-03 02:26:28,138 - INFO - Processing book: Prince's Christmas Baby Surprise
2024-08-03 02:26:29,729 - INFO - Processing book: Island Reunion with the Single Dad
2024-08-03 02:26:31,338 - INFO - Processing book: The Heir's Cinderella Bride
2024-08-03 02:26:32,611 - INFO - Processing book: Colton 911: Secret Defender
2024-08-03 02:26:33,903 - INFO - Processing book: Unexpected Goals
2024-08-03 02:26:35,649 - INFO - Processing book: The Single Dad's Italian Invitation
2024-08-03 02:26:37,059 - INFO - Processing book: Texas Sheriff's Deadly Mission
2024-08-03 02:26:38,065 - INFO - Processing book: Cold Case Witness
2024-08-03 02:27:28,595 - INFO - Processing book: Harlequin Medical Romance September 2021 - Box Set 2 of 2
2024-08-03 02:27:30,748 - INFO - Processing book: Around the World with the Millionaire
2024-08-03 02:27:35,593 - INFO - Processing book: Reunited Under the Mistletoe
2024-08-03 02:27:37,313 - INFO - Processing book: A Cowboy's Hope
2024-08-03 02:27:38,497 - INFO - Processing book: Harlequin Romance June 2022 Box Set
2024-08-03 02:27:39,640 - INFO - Processing book: Redeemed by Her Midsummer Kiss
2024-08-03 02:27:40,529 - INFO - Processing book: His to Defend
2024-08-03 02:27:41,302 - INFO - Processing book: Stalked in Silver Valley
2024-08-03 02:27:41,994 - INFO - Processing book: Snowbound with the Brooding Billionaire
2024-08-03 02:27:43,164 - INFO - Processing book: Texas Rancher's Hidden Danger
2024-08-03 02:28:30,917 - INFO - Processing book: Reclaiming the Prince's Heart
2024-08-03 02:28:33,099 - INFO - Processing book: Harlequin Romance November 2021 Box Set
2024-08-03 02:28:35,811 - INFO - Processing book: Bahamas Escape with the Best Man
2024-08-03 02:28:37,518 - INFO - Processing book: Cavanaugh Justice: Deadly Chase
2024-08-03 02:28:39,262 - INFO - Processing book: Cold Case Cowboy
2024-08-03 02:28:40,804 - INFO - Processing book: Her Hometown Hero
2024-08-03 02:28:43,399 - INFO - Processing book: Danger at Clearwater Crossing
2024-08-03 02:28:44,286 - INFO - Processing book: The Agent's Deadly Liaison
2024-08-03 02:28:45,206 - INFO - Processing book: Harlequin Romantic Suspense January 2022 - Box Set
2024-08-03 02:28:46,179 - INFO - Processing book: Colton 911: Temptation Undercover
2024-08-03 02:29:24,235 - INFO - Processing book: Risking It All for a Second Chance
2024-08-03 02:29:25,605 - INFO - Processing book: Matched with Murder
2024-08-03 02:29:27,208 - INFO - Processing book: Harlequin Romantic Suspense February 2022 - Box Set
2024-08-03 02:29:31,722 - INFO - Processing book: Finding a Christmas Home
2024-08-03 02:29:33,589 - INFO - Processing book: Harlequin Heartwarming October 2021 Box Set
2024-08-03 02:29:34,751 - INFO - Processing book: Harlequin Romantic Suspense April 2022 - Box Set
2024-08-03 02:29:35,609 - INFO - Processing book: Harlequin Romance July 2022 Box Set
2024-08-03 02:29:37,036 - INFO - Processing book: The Cowboy's Unlikely Match
2024-08-03 02:29:38,568 - INFO - Processing book: Falling for the Baldasseri Prince
2024-08-03 02:29:39,737 - INFO - Processing book: The Single Dad's Holiday Match
2024-08-03 02:30:20,678 - INFO - Processing book: Taken
2024-08-03 02:30:23,313 - INFO - Processing book: Finding the Rancher's Son
2024-08-03 02:30:25,433 - INFO - Processing book: Harlequin Romantic Suspense June 2022 - Box Set
2024-08-03 02:30:27,132 - INFO - Processing book: Harlequin Romantic Suspense December 2021 Box Set
2024-08-03 02:30:29,866 - INFO - Processing book: Harlequin Heartwarming March 2022 Box Set
2024-08-03 02:30:31,246 - INFO - Processing book: The Bronc Rider's Twin Surprise
2024-08-03 02:30:32,557 - INFO - Processing book: The Wedding Favor
2024-08-03 02:30:33,606 - INFO - Processing book: Trusting the Rancher with Christmas
2024-08-03 02:30:34,546 - INFO - Processing book: Harlequin Heartwarming August 2021 Box Set
2024-08-03 02:30:35,683 - INFO - Processing book: Chasing Her Dream
2024-08-03 02:31:18,667 - INFO - Processing book: The Mayor's Baby Surprise
2024-08-03 02:31:22,592 - INFO - Processing book: The Sheriff's Valentine
2024-08-03 02:31:24,554 - INFO - Processing book: A Safe Place for Christmas
2024-08-03 02:31:26,212 - INFO - Processing book: Snowed In With a Colton
2024-08-03 02:31:27,619 - INFO - Processing book: Guardian K-9 on Call
2024-08-03 02:31:28,816 - INFO - Processing book: Bad News Cowboy
2024-08-03 02:31:29,831 - INFO - Processing book: Trouble in Blue
2024-08-03 02:31:30,636 - INFO - Processing book: Harlequin Romantic Suspense May 2022 - Box Set
2024-08-03 02:31:31,397 - INFO - Processing book: Kidnapping in Cameron Glen
2024-08-03 02:31:32,560 - INFO - Processing book: Tales from the Cafe
2024-08-03 02:32:15,066 - INFO - Processing book: Falling for the Lawman
2024-08-03 02:32:18,522 - INFO - Processing book: Harlequin Heartwarming January 2022 Box Set
2024-08-03 02:32:21,315 - INFO - Processing book: Brokedown Cowboy
2024-08-03 02:32:23,911 - INFO - Processing book: Harlequin Heartwarming April 2022 Box Set
2024-08-03 02:32:25,836 - INFO - Processing book: Building a Surprise Family
2024-08-03 02:32:27,016 - INFO - Processing book: Prison Break Hostage
2024-08-03 02:32:28,179 - INFO - Processing book: Harlequin Heartwarming February 2022 Box Set
2024-08-03 02:32:29,341 - INFO - Processing book: Harlequin Romantic Suspense March 2022 - Box Set
2024-08-03 02:32:30,610 - INFO - Processing book: Harlequin Heartwarming June 2022 Box Set
2024-08-03 02:32:32,942 - INFO - Processing book: Courting His Amish Wife
2024-08-03 02:33:11,469 - INFO - Processing book: Snowbound with Her Mountain Cowboy
2024-08-03 02:33:13,925 - INFO - Processing book: A Cowgirl's Secret
2024-08-03 02:33:18,884 - INFO - Processing book: First Responders on Deadly Ground
2024-08-03 02:33:22,306 - INFO - Processing book: Cavanaugh Justice: Serial Affair
2024-08-03 02:33:24,021 - INFO - Processing book: Worth the Risk
2024-08-03 02:33:25,777 - INFO - Processing book: Their Yuletide Healing
2024-08-03 02:33:27,333 - INFO - Processing book: Her Holiday Reunion
2024-08-03 02:33:28,551 - INFO - Processing book: The Marine's Mission
2024-08-03 02:33:29,896 - INFO - Processing book: The Rebel Cowboy's Baby
2024-08-03 02:33:31,777 - INFO - Processing book: A Firefighter's Ultimate Duty
2024-08-03 02:34:18,494 - INFO - Processing book: A Secret Christmas Wish
2024-08-03 02:34:21,748 - INFO - Processing book: Montana Reunion
2024-08-03 02:34:23,353 - INFO - Processing book: Undercover Colton
2024-08-03 02:34:24,456 - INFO - Processing book: The Texas SEAL's Surprise
2024-08-03 02:34:26,003 - INFO - Processing book: The Wrangler's Wedding Pact
2024-08-03 02:34:27,266 - INFO - Processing book: Bodyguard Under Siege
2024-08-03 02:34:28,316 - INFO - Processing book: Their Surprise Amish Marriage
2024-08-03 02:34:29,892 - INFO - Processing book: Colton Countdown
2024-08-03 02:34:30,966 - INFO - Processing book: Missing in the Desert
2024-08-03 02:34:32,210 - INFO - Processing book: Caring for Her Amish Family
2024-08-03 02:35:21,128 - INFO - Processing book: The Rancher's Unexpected Twins
2024-08-03 02:35:23,461 - INFO - Processing book: Harlequin Heartwarming December 2021 Box Set
2024-08-03 02:35:26,673 - INFO - Processing book: Love Inspired April 2022 Box Set - 1 of 2
2024-08-03 02:35:28,777 - INFO - Processing book: Finding Her Courage
2024-08-03 02:35:29,558 - INFO - Processing book: The Runaway Rancher
2024-08-03 02:35:30,778 - INFO - Processing book: To Trust a Cowboy
2024-08-03 02:35:31,717 - INFO - Processing book: A Rancher's Promise
2024-08-03 02:35:33,219 - INFO - Processing book: Hill Country Promise
2024-08-03 02:35:34,328 - INFO - Processing book: Her Easter Prayer
2024-08-03 02:35:35,661 - INFO - Processing book: Mountain Retreat Murder
2024-08-03 02:36:20,770 - INFO - Processing book: An Unexpected Amish Harvest
2024-08-03 02:36:22,745 - INFO - Processing book: The Paramedic's Forever Family
2024-08-03 02:36:24,390 - INFO - Processing book: Cold Case Double Cross
2024-08-03 02:36:26,733 - INFO - Processing book: The Cowgirl's Sacrifice
2024-08-03 02:36:28,869 - INFO - Processing book: His Hometown Yuletide Vow
2024-08-03 02:36:30,746 - INFO - Processing book: Part Time Cowboy
2024-08-03 02:36:32,772 - INFO - Processing book: Her Small-Town Refuge
2024-08-03 02:36:33,668 - INFO - Processing book: The Amish Animal Doctor
2024-08-03 02:36:34,783 - INFO - Processing book: An Amish Mother for His Twins
2024-08-03 02:36:35,834 - INFO - Processing book: A New Year's Eve Proposal
2024-08-03 02:37:12,044 - INFO - Processing book: The Cowboy's Amish Haven
2024-08-03 02:37:18,695 - INFO - Processing book: Love Inspired July 2021 - Box Set 1 of 2
2024-08-03 02:37:22,539 - INFO - Processing book: Secrets in an Amish Garden
2024-08-03 02:37:24,656 - INFO - Processing book: Love Inspired June 2022 Box Set - 1 of 2
2024-08-03 02:37:26,040 - INFO - Processing book: Their Pretend Courtship
2024-08-03 02:37:26,999 - INFO - Processing book: The Adoption Surprise
2024-08-03 02:37:28,267 - INFO - Processing book: Earning Her Trust
2024-08-03 02:37:29,707 - INFO - Processing book: Her Secret Amish Match
2024-08-03 02:37:30,517 - INFO - Processing book: Their Together Promise
2024-08-03 02:37:31,845 - INFO - Processing book: Her Veterinarian Hero
2024-08-03 02:38:15,630 - INFO - Processing book: Her Christmas Dilemma
2024-08-03 02:38:21,007 - INFO - Processing book: Second Chance Love
2024-08-03 02:38:22,906 - INFO - Processing book: A Small-Town Christmas Challenge
2024-08-03 02:38:24,385 - INFO - Processing book: The Midwife's Christmas Wish
2024-08-03 02:38:26,084 - INFO - Processing book: The Amish Matchmaker's Choice
2024-08-03 02:38:27,119 - INFO - Processing book: Searching for Home
2024-08-03 02:38:28,051 - INFO - Processing book: Love Inspired December 2021 - Box Set 2 of 2
2024-08-03 02:38:29,369 - INFO - Processing book: A Family for Keeps
2024-08-03 02:38:30,091 - INFO - Processing book: Her Cowboy Wedding Date
2024-08-03 02:38:31,838 - INFO - Processing book: A Need to Protect
2024-08-03 02:39:00,506 - INFO - Processing book: The Wrong Cowboy
2024-08-03 02:39:02,726 - INFO - Processing book: Love Inspired October 2021 - Box Set 1 of 2
2024-08-03 02:39:04,084 - INFO - Processing book: Secrets of Their Past
2024-08-03 02:39:05,533 - INFO - Processing book: Proving Colton's Innocence
2024-08-03 02:39:06,594 - INFO - Processing book: An Alaskan Secret
2024-08-03 02:39:08,031 - INFO - Processing book: Her Christmastime Family
